/bin/sh: sysctl: command not found
make: the `-j' option requires a positive integral argument
:
CC build/startup_saml22.o
CC build/system_saml22.o
CC build/delay.o
CC build/adc.o
CC build/dac.o
CC build/dma.o
CC build/eic.o
CC build/evsys.o
CC build/i2c.o
CC build/i2s.o
CC build/opamp.o
CC build/ptc.o
CC build/sercom.o
CC build/slcd.o
CC build/spi.o
CC build/tc.o
CC build/tcc.o
CC build/uart.o
CC build/main.o
CC build/tusb.o
CC build/tusb_fifo.o
CC build/usbd.o
CC build/usbd_control.o
CC build/audio_device.o
CC build/cdc_device.o
CC build/dfu_device.o
CC build/dfu_rt_device.o
CC build/hid_device.o
CC build/midi_device.o
CC build/msc_device.o
CC build/ecm_rndis_device.o
CC build/ncm_device.o
CC build/usbtmc_device.o
CC build/video_device.o
CC build/vendor_device.o
CC build/dcd_samd.o
CC build/usb.o
CC build/dummy.o
CC build/lfs.o
CC build/lfs_util.o
CC build/filesystem.o
CC build/utz.o
CC build/zones.o
CC build/shell.o
CC build/shell_cmd_list.o
CC build/sunriset.o
CC build/base32.o
CC build/sha1.o
CC build/sha256.o
CC build/sha512.o
CC build/TOTP.o
CC build/chirpy_tx.o
CC build/base64.o
CC build/circadian_score.o
CC build/fesk_tx.o
CC build/fesk_session.o
CC build/phase_engine.o
CC build/playlist.o
CC build/sensors.o
CC build/sleep_data.o
CC build/zone_words.o
CC build/metrics.o
CC build/metric_sd.o
CC build/metric_em.o
CC build/metric_wk.o
CC build/metric_energy.o
CC build/metric_comfort.o
CC build/thermistor_driver.o
CC build/watch_common_buzzer.o
CC build/watch_common_display.o
CC build/watch_utility.o
CC build/lis2dw.o
CC build/rtc32.o
CC build/watch.o
CC build/watch_adc.o
CC build/watch_deepsleep.o
CC build/watch_extint.o
CC build/watch_gpio.o
CC build/watch_i2c.o
CC build/watch_private.o
CC build/watch_rtc.o
CC build/watch_slcd.o
CC build/watch_spi.o
CC build/watch_storage.o
CC build/watch_tcc.o
CC build/watch_uart.o
CC build/watch_usb_descriptors.o
CC build/watch_usb_cdc.o
CC build/clock_face.o
CC build/beats_face.o
CC build/world_clock_face.o
CC build/mars_time_face.o
CC build/ish_face.o
CC build/alarm_face.o
CC build/advanced_alarm_face.o
CC build/countdown_face.o
CC build/stopwatch_face.o
CC build/fast_stopwatch_face.o
CC build/sunrise_sunset_face.o
CC build/moon_phase_face.o
CC build/days_since_face.o
CC build/breathing_face.o
CC build/squash_face.o
CC build/totp_face.o
CC build/totp_lfs_face.o
CC build/tally_face.o
CC build/wordle_face.o
CC build/all_segments_face.o
CC build/character_set_face.o
CC build/light_sensor_face.o
CC build/peek_memory_face.o
CC build/rtccount_face.o
CC build/accelerometer_status_face.o
CC build/temperature_display_face.o
CC build/temperature_logging_face.o
CC build/activity_logging_face.o
CC build/voltage_face.o
CC build/set_time_face.o
CC build/settings_face.o
CC build/finetune_face.o
CC build/nanosec_face.o
CC build/chirpy_demo_face.o
CC build/irda_upload_face.o
CC build/probability_face.o
CC build/close_enough_face.o
CC build/tarot_face.o
CC build/kitchen_conversions_face.o
CC build/periodic_table_face.o
CC build/ke_decimal_time_face.o
CC build/wyoscan_face.o
CC build/baby_kicks_face.o
CC build/counter_face.o
CC build/pulsometer_face.o
CC build/interval_face.o
CC build/timer_face.o
CC build/simple_coin_flip_face.o
CC build/lis2dw_monitor_face.o
CC build/wareki_face.o
CC build/deadline_face.o
CC build/blackjack_face.o
CC build/endless_runner_face.o
CC build/higher_lower_game_face.o
CC build/lander_face.o
CC build/simon_face.o
CC build/ping_face.o
CC build/smart_alarm_face.o
CC build/sleep_tracker_face.o
CC build/circadian_score_face.o
CC build/oracle_face.o
CC build/comms_face.o
CC build/sleep_score_face.o
CC build/comms_rx.o
CC build/fesk_demo_lite_face.o
CC build/emergence_face.o
CC build/momentum_face.o
CC build/active_face.o
CC build/descent_face.o
CC build/zone_display_face.o
CC build/movement.o
LD build/firmware.elf
OBJCOPY build/firmware.hex
OBJCOPY build/firmware.bin
UF2CONV build/firmware.uf2
Converting to uf2, output size: 278016, start address: 0x2000
Wrote 278016 bytes to build/firmware.uf2
size:
   text	   data	    bss	    dec	    hex	filename
 136148	   2804	   5184	 144136	  23308	build/firmware.elf
 136148	   2804	   5184	 144136	  23308	(TOTALS)
